0 info it worked if it ends with ok
1 verbose cli [ '/usr/local/bin/node', '/usr/local/bin/npm', 'start' ]
2 info using npm@4.1.2
3 info using node@v6.10.0
4 verbose run-script [ 'prestart', 'start', 'poststart' ]
5 info lifecycle butler_hero@1.2.6~prestart: butler_hero@1.2.6
6 silly lifecycle butler_hero@1.2.6~prestart: no script for prestart, continuing
7 info lifecycle butler_hero@1.2.6~start: butler_hero@1.2.6
8 verbose lifecycle butler_hero@1.2.6~start: unsafe-perm in lifecycle true
9 verbose lifecycle butler_hero@1.2.6~start: PATH: /usr/local/lib/node_modules/npm/bin/node-gyp-bin:/Users/egormedvedev/Documents/Bitbucket/butler_hero/node_modules/.bin:/usr/local/heroku/bin:/Library/Frameworks/Python.framework/Versions/2.7/bin:/Users/egormedvedev/.rbenv/bin:/usr/local/bin:/usr/bin:/bin:/usr/sbin:/sbin:/opt/X11/bin:/usr/local/Cellar/android-sdk/24.2/platform-tools:/usr/local/Cellar/android-sdk/24.2/tools
10 verbose lifecycle butler_hero@1.2.6~start: CWD: /Users/egormedvedev/Documents/Bitbucket/butler_hero
11 silly lifecycle butler_hero@1.2.6~start: Args: [ '-c', 'node web.js' ]
12 silly lifecycle butler_hero@1.2.6~start: Returned: code: 1  signal: null
13 info lifecycle butler_hero@1.2.6~start: Failed to exec start script
14 verbose stack Error: butler_hero@1.2.6 start: `node web.js`
14 verbose stack Exit status 1
14 verbose stack     at EventEmitter.<anonymous> (/usr/local/lib/node_modules/npm/lib/utils/lifecycle.js:279:16)
14 verbose stack     at emitTwo (events.js:106:13)
14 verbose stack     at EventEmitter.emit (events.js:191:7)
14 verbose stack     at ChildProcess.<anonymous> (/usr/local/lib/node_modules/npm/lib/utils/spawn.js:40:14)
14 verbose stack     at emitTwo (events.js:106:13)
14 verbose stack     at ChildProcess.emit (events.js:191:7)
14 verbose stack     at maybeClose (internal/child_process.js:877:16)
14 verbose stack     at Process.ChildProcess._handle.onexit (internal/child_process.js:226:5)
15 verbose pkgid butler_hero@1.2.6
16 verbose cwd /Users/egormedvedev/Documents/Bitbucket/butler_hero
17 error Darwin 16.5.0
18 error argv "/usr/local/bin/node" "/usr/local/bin/npm" "start"
19 error node v6.10.0
20 error npm  v4.1.2
21 error code ELIFECYCLE
22 error butler_hero@1.2.6 start: `node web.js`
22 error Exit status 1
23 error Failed at the butler_hero@1.2.6 start script 'node web.js'.
23 error Make sure you have the latest version of node.js and npm installed.
23 error If you do, this is most likely a problem with the butler_hero package,
23 error not with npm itself.
23 error Tell the author that this fails on your system:
23 error     node web.js
23 error You can get information on how to open an issue for this project with:
23 error     npm bugs butler_hero
23 error Or if that isn't available, you can get their info via:
23 error     npm owner ls butler_hero
23 error There is likely additional logging output above.
24 verbose exit [ 1, true ]
